<?xml version="1.0" encoding="UTF-8"?>
<testng-results ignored="0" total="1" passed="1" failed="0" skipped="0">
  <reporter-output>
  </reporter-output>
  <suite started-at="2022-10-13T15:33:22 IST" name="Default suite" finished-at="2022-10-13T15:33:29 IST" duration-ms="6531">
    <groups>
    </groups>
    <test started-at="2022-10-13T15:33:22 IST" name="Default test" finished-at="2022-10-13T15:33:29 IST" duration-ms="6531">
      <class name="assessment_gorest.ADDUser">
        <test-method is-config="true" signature="setUp()[pri:0, instance:assessment_gorest.ADDUser@d23e042]" started-at="2022-10-13T15:33:22 IST" name="setUp" finished-at="2022-10-13T15:33:23 IST" duration-ms="160" status="PASS">
          <reporter-output>
          </reporter-output>
        </test-method> <!-- setUp -->
        <test-method is-config="true" signature="postData()[pri:0, instance:assessment_gorest.ADDUser@d23e042]" started-at="2022-10-13T15:33:23 IST" name="postData" finished-at="2022-10-13T15:33:24 IST" duration-ms="963" status="PASS">
          <reporter-output>
          </reporter-output>
        </test-method> <!-- postData -->
        <test-method signature="createResource()[pri:0, instance:assessment_gorest.ADDUser@d23e042]" started-at="2022-10-13T15:33:24 IST" name="createResource" finished-at="2022-10-13T15:33:29 IST" duration-ms="5326" status="PASS">
          <reporter-output>
          </reporter-output>
        </test-method> <!-- createResource -->
      </class> <!-- assessment_gorest.ADDUser -->
    </test> <!-- Default test -->
  </suite> <!-- Default suite -->
</testng-results>
